<testsuite failures="0" name="src/test/java/features/createPet.feature" skipped="0" tests="4" time="2.124143">
  <testcase classname="src.test.java.features.createPet" name="validar que se pueda crear una mascota a través de servicio" time="1.119463">
    <system-out>Given url 'https://petstore.swagger.io/v2/pet' ............................ passed
And request {'id': 123456789,'category': {'id': 0,'name': 'CANES'},'name': 'FIRULAIS','photoUrls':['string'],'tags':[{'id': 0,'name': 'string'}],'status': 'available'} . passed
When method post .......................................................... passed
Then status 200 ........................................................... passed</system-out>
  </testcase>
  <testcase classname="src.test.java.features.createPet" name="validar que se pueda consultar una mascota" time="0.358811">
    <system-out>Given url 'https://petstore.swagger.io/v2/pet' ............................ passed
And request {'id': 123456789,'category': {'id': 0,'name': 'CANES'},'name': 'FIRULAIS','photoUrls':['string'],'tags':[{'id': 0,'name': 'string'}],'status': 'available'} . passed
When method post .......................................................... passed
Then status 200 ........................................................... passed
Given url 'https://petstore.swagger.io/v2/pet/123456789' .................. passed
When method get ........................................................... passed
Then status 200 ........................................................... passed
* def categoria = response.category.name .................................. passed
* def name = response.name ................................................ passed
* assert categoria == 'CANES' ............................................. passed
* assert name == 'FIRULAIS' ............................................... passed</system-out>
  </testcase>
  <testcase classname="src.test.java.features.createPet" name="validar que se pueda modificar una mascota a través de servicio" time="0.343617">
    <system-out>Given url 'https://petstore.swagger.io/v2/pet' ............................ passed
And request {'id': 123456789,'category': {'id': 0,'name': 'CANES'},'name': 'FIRULAIS','photoUrls':['string'],'tags':[{'id': 0,'name': 'string'}],'status': 'available'} . passed
When method post .......................................................... passed
Then status 200 ........................................................... passed
Given url 'https://petstore.swagger.io/v2/pet/123456789' .................. passed
When method get ........................................................... passed
Then status 200 ........................................................... passed
* def categoria = response.category.name .................................. passed
* def name = response.name ................................................ passed
* assert categoria == 'CANES' ............................................. passed
* assert name == 'FIRULAIS' ............................................... passed
Given url 'https://petstore.swagger.io/v2/pet' ............................ passed
And request {  "id": 123456789,  "category": {  "id": 0,  "name": "FELINOS"  },  "name": "TOM",  "photoUrls": [  "string"  ],  "tags": [  {  "id": 0,  "name": "string"  }  ],  "status": "available"  } . passed
When method PUT ........................................................... passed
Then status 200 ........................................................... passed
* def categoria = response.category.name .................................. passed
* def name = response.name ................................................ passed
* assert categoria == 'FELINOS' ........................................... passed
* assert name == 'TOM' .................................................... passed</system-out>
  </testcase>
  <testcase classname="src.test.java.features.createPet" name="validar que se pueda consultar una mascota" time="0.302252">
    <system-out>Given url 'https://petstore.swagger.io/v2/pet' ............................ passed
And request {'id': 123456789,'category': {'id': 0,'name': 'CANES'},'name': 'FIRULAIS','photoUrls':['string'],'tags':[{'id': 0,'name': 'string'}],'status': 'available'} . passed
When method post .......................................................... passed
Then status 200 ........................................................... passed
Given url 'https://petstore.swagger.io/v2/pet/123456789' .................. passed
When method get ........................................................... passed
Then status 200 ........................................................... passed
* def categoria = response.category.name .................................. passed
* def name = response.name ................................................ passed
* assert categoria == 'CANES' ............................................. passed
* assert name == 'FIRULAIS' ............................................... passed
Given url 'https://petstore.swagger.io/v2/pet' ............................ passed
And request {  "id": 123456789,  "category": {  "id": 0,  "name": "FELINOS"  },  "name": "TOM",  "photoUrls": [  "string"  ],  "tags": [  {  "id": 0,  "name": "string"  }  ],  "status": "available"  } . passed
When method PUT ........................................................... passed
Then status 200 ........................................................... passed
* def categoria = response.category.name .................................. passed
* def name = response.name ................................................ passed
* assert categoria == 'FELINOS' ........................................... passed
* assert name == 'TOM' .................................................... passed
Given url 'https://petstore.swagger.io/v2/pet/123456789' .................. passed
When method get ........................................................... passed
Then status 200 ........................................................... passed
* def categoria = response.category.name .................................. passed
* def name = response.name ................................................ passed
* assert categoria == 'FELINOS' ........................................... passed
* assert name == 'TOM' .................................................... passed</system-out>
  </testcase>
</testsuite>
